{
  "Cucumber Features": {
    "coverage": {
      "/media/sf_shared/group/mass-spectrometry/mass-spec/app/controllers/application_controller.rb": [
        1,
        1,
        null
      ],
      "/media/sf_shared/group/mass-spectrometry/mass-spec/app/helpers/application_helper.rb": [
        1,
        null
      ],
      "/media/sf_shared/group/mass-spectrometry/mass-spec/app/helpers/general_helper.rb": [
        1,
        null
      ],
      "/media/sf_shared/group/mass-spectrometry/mass-spec/app/helpers/mass_data_helper.rb": [
        1,
        null
      ],
      "/media/sf_shared/group/mass-spectrometry/mass-spec/app/helpers/mass_params_helper.rb": [
        1,
        null
      ],
      "/media/sf_shared/group/mass-spectrometry/mass-spec/app/controllers/general_controller.rb": [
        1,
        null,
        1,
        null,
        null,
        1,
        null,
        null,
        1,
        4,
        2,
        2,
        null,
        0,
        null,
        null,
        2,
        2,
        null,
        0,
        null,
        null,
        null,
        null,
        1,
        null,
        null,
        1,
        null,
        null,
        null
      ],
      "/media/sf_shared/group/mass-spectrometry/mass-spec/app/controllers/mass_data_controller.rb": [
        1,
        1,
        null,
        null,
        null,
        1,
        null,
        null
      ],
      "/media/sf_shared/group/mass-spectrometry/mass-spec/app/controllers/mass_params_controller.rb": [
        1,
        1,
        null,
        null,
        null,
        1,
        null,
        null
      ],
      "/media/sf_shared/group/mass-spectrometry/mass-spec/app/models/mass_data.rb": [
        1,
        1,
        null
      ],
      "/media/sf_shared/group/mass-spectrometry/mass-spec/app/models/mass_params.rb": [
        1,
        1,
        null
      ]
    },
    "timestamp": 1426270215
  },
  "RSpec": {
    "coverage": {
      "/media/sf_shared/group/mass-spectrometry/mass-spec/app/controllers/application_controller.rb": [
        1,
        1,
        null
      ],
      "/media/sf_shared/group/mass-spectrometry/mass-spec/app/helpers/application_helper.rb": [
        1,
        null
      ],
      "/media/sf_shared/group/mass-spectrometry/mass-spec/app/helpers/general_helper.rb": [
        1,
        null
      ],
      "/media/sf_shared/group/mass-spectrometry/mass-spec/app/helpers/mass_data_helper.rb": [
        1,
        null
      ],
      "/media/sf_shared/group/mass-spectrometry/mass-spec/app/helpers/mass_params_helper.rb": [
        1,
        null
      ],
      "/media/sf_shared/group/mass-spectrometry/mass-spec/app/controllers/general_controller.rb": [
        1,
        null,
        1,
        null,
        null,
        1,
        null,
        null,
        1,
        4,
        2,
        1,
        null,
        1,
        null,
        null,
        2,
        1,
        null,
        1,
        null,
        null,
        null,
        null,
        1,
        null,
        null,
        1,
        null,
        null,
        null
      ],
      "/media/sf_shared/group/mass-spectrometry/mass-spec/app/controllers/mass_data_controller.rb": [
        1,
        1,
        null,
        null,
        null,
        1,
        null,
        null
      ],
      "/media/sf_shared/group/mass-spectrometry/mass-spec/app/controllers/mass_params_controller.rb": [
        1,
        1,
        null,
        null,
        null,
        1,
        null,
        null
      ],
      "/media/sf_shared/group/mass-spectrometry/mass-spec/app/models/mass_data.rb": [
        1,
        1,
        null
      ],
      "/media/sf_shared/group/mass-spectrometry/mass-spec/app/models/mass_params.rb": [
        1,
        1,
        null
      ]
    },
    "timestamp": 1426270246
  }
}
