{
  "Cucumber Features": {
    "coverage": {
      "/home/saasbook/Documents/mass-spectrometry/mass-spec/app/controllers/application_controller.rb": [
        1,
        1,
        null
      ],
      "/home/saasbook/Documents/mass-spectrometry/mass-spec/app/helpers/application_helper.rb": [
        1,
        null
      ],
      "/home/saasbook/Documents/mass-spectrometry/mass-spec/app/helpers/general_helper.rb": [
        1,
        null
      ],
      "/home/saasbook/Documents/mass-spectrometry/mass-spec/app/helpers/mass_data_helper.rb": [
        1,
        null
      ],
      "/home/saasbook/Documents/mass-spectrometry/mass-spec/app/helpers/mass_params_helper.rb": [
        1,
        null
      ],
      "/home/saasbook/Documents/mass-spectrometry/mass-spec/app/controllers/general_controller.rb": [
        1,
        null,
        1,
        null,
        null,
        1,
        null,
        null,
        1,
        0,
        0,
        0,
        null,
        0,
        null,
        null,
        null,
        1,
        null,
        null,
        1,
        null,
        null,
        null
      ],
      "/home/saasbook/Documents/mass-spectrometry/mass-spec/app/controllers/mass_data_controller.rb": [
        1,
        1,
        null,
        null,
        null,
        1,
        null,
        null,
        1,
        1,
        0,
        0,
        1,
        0,
        0,
        null,
        1,
        null,
        null,
        null,
        null
      ],
      "/home/saasbook/Documents/mass-spectrometry/mass-spec/app/controllers/mass_params_controller.rb": [
        1,
        1,
        null,
        null,
        null,
        1,
        null,
        null,
        1,
        1,
        0,
        0,
        null,
        1,
        null,
        null,
        null,
        null
      ],
      "/home/saasbook/Documents/mass-spectrometry/mass-spec/app/models/mass_data.rb": [
        1,
        1,
        null
      ],
      "/home/saasbook/Documents/mass-spectrometry/mass-spec/app/models/mass_params.rb": [
        1,
        1,
        null
      ]
    },
    "timestamp": 1426270295
  },
  "RSpec": {
    "coverage": {
      "/home/saasbook/Documents/mass-spectrometry/mass-spec/app/controllers/application_controller.rb": [
        1,
        1,
        null
      ],
      "/home/saasbook/Documents/mass-spectrometry/mass-spec/app/helpers/application_helper.rb": [
        1,
        null
      ],
      "/home/saasbook/Documents/mass-spectrometry/mass-spec/app/helpers/general_helper.rb": [
        1,
        null
      ],
      "/home/saasbook/Documents/mass-spectrometry/mass-spec/app/helpers/mass_data_helper.rb": [
        1,
        null
      ],
      "/home/saasbook/Documents/mass-spectrometry/mass-spec/app/helpers/mass_params_helper.rb": [
        1,
        null
      ],
      "/home/saasbook/Documents/mass-spectrometry/mass-spec/app/controllers/general_controller.rb": [
        1,
        null,
        1,
        null,
        null,
        1,
        null,
        null,
        1,
        2,
        1,
        1,
        null,
        1,
        null,
        null,
        null,
        1,
        null,
        null,
        1,
        null,
        null,
        null
      ],
      "/home/saasbook/Documents/mass-spectrometry/mass-spec/app/controllers/mass_data_controller.rb": [
        1,
        1,
        null,
        null,
        null,
        1,
        null,
        null,
        1,
        3,
        1,
        1,
        2,
        1,
        1,
        null,
        1,
        null,
        null,
        null,
        null
      ],
      "/home/saasbook/Documents/mass-spectrometry/mass-spec/app/controllers/mass_params_controller.rb": [
        1,
        1,
        null,
        null,
        null,
        1,
        null,
        null,
        1,
        2,
        1,
        1,
        null,
        1,
        null,
        null,
        null,
        null
      ],
      "/home/saasbook/Documents/mass-spectrometry/mass-spec/app/models/mass_data.rb": [
        1,
        1,
        null
      ],
      "/home/saasbook/Documents/mass-spectrometry/mass-spec/app/models/mass_params.rb": [
        1,
        1,
        null
      ]
    },
    "timestamp": 1426270376
  }
}
