{
  "Cucumber Features": {
    "coverage": {
      "/home/saasbook/Documents/mass-spectrometry/app/models/user.rb": [
        1,
        1,
        1,
        1,
        null,
        null,
        null,
        1,
        null,
        null,
        null,
        1,
        null,
        null,
        1,
        34,
        null,
        null
      ],
      "/home/saasbook/Documents/mass-spectrometry/app/controllers/application_controller.rb": [
        1,
        1,
        null
      ],
      "/home/saasbook/Documents/mass-spectrometry/app/helpers/application_helper.rb": [
        1,
        null
      ],
      "/home/saasbook/Documents/mass-spectrometry/app/helpers/general_helper.rb": [
        1,
        null
      ],
      "/home/saasbook/Documents/mass-spectrometry/app/helpers/mass_data_helper.rb": [
        1,
        null
      ],
      "/home/saasbook/Documents/mass-spectrometry/app/helpers/mass_params_helper.rb": [
        1,
        null
      ],
      "/home/saasbook/Documents/mass-spectrometry/app/helpers/results_helper.rb": [
        1,
        null
      ],
      "/home/saasbook/Documents/mass-spectrometry/app/helpers/user_uploads_helper.rb": [
        1,
        null
      ],
      "/home/saasbook/Documents/mass-spectrometry/app/controllers/general_controller.rb": [
        1,
        null,
        1,
        null,
        null,
        1,
        null,
        null,
        1,
        null,
        null,
        1,
        null,
        null,
        1,
        null,
        null,
        null
      ],
      "/home/saasbook/Documents/mass-spectrometry/app/controllers/mass_data_controller.rb": [
        1,
        1,
        1,
        4,
        4,
        4,
        null,
        0,
        0,
        0,
        0,
        0,
        null,
        0,
        null,
        0,
        null,
        null,
        null,
        1,
        12,
        12,
        12,
        2,
        null,
        null,
        10,
        null,
        12,
        12,
        null,
        null,
        null
      ],
      "/home/saasbook/Documents/mass-spectrometry/app/models/mass_datum.rb": [
        1,
        1,
        1,
        null,
        1,
        null,
        1,
        6,
        6,
        null,
        null
      ],
      "/home/saasbook/Documents/mass-spectrometry/app/controllers/mass_params_controller.rb": [
        1,
        1,
        1,
        4,
        4,
        4,
        null,
        0,
        0,
        0,
        0,
        0,
        0,
        null,
        0,
        null,
        0,
        null,
        null,
        null,
        1,
        14,
        14,
        14,
        2,
        null,
        12,
        null,
        14,
        14,
        null,
        null,
        null
      ],
      "/home/saasbook/Documents/mass-spectrometry/app/models/mass_param.rb": [
        1,
        1,
        1,
        null,
        1,
        null,
        1,
        6,
        6,
        null,
        null,
        null
      ],
      "/home/saasbook/Documents/mass-spectrometry/app/controllers/results_controller.rb": [
        1,
        1,
        1,
        null,
        1,
        null,
        0,
        null,
        1,
        null,
        0,
        null,
        1,
        null,
        null,
        null,
        null,
        1,
        null,
        4,
        4,
        4,
        1,
        1,
        3,
        1,
        1,
        1,
        2,
        1,
        1,
        1,
        null,
        1,
        null,
        null,
        null
      ],
      "/home/saasbook/Documents/mass-spectrometry/app/models/result.rb": [
        1,
        1,
        1,
        1,
        null,
        1,
        null,
        1,
        0,
        null,
        null,
        1,
        1,
        1,
        null,
        null,
        1,
        6,
        null,
        null,
        1,
        6,
        null,
        null
      ],
      "/home/saasbook/Documents/mass-spectrometry/app/controllers/user_uploads_controller.rb": [
        1,
        1,
        1,
        1,
        null,
        null,
        null
      ]
    },
    "timestamp": 1428696101
  },
  "RSpec": {
    "coverage": {
      "/home/saasbook/Documents/mass-spectrometry/app/models/user.rb": [
        1,
        1,
        1,
        1,
        null,
        null,
        null,
        1,
        null,
        null,
        null,
        1,
        null,
        null,
        1,
        0,
        null,
        null
      ],
      "/home/saasbook/Documents/mass-spectrometry/app/controllers/application_controller.rb": [
        1,
        1,
        null
      ],
      "/home/saasbook/Documents/mass-spectrometry/app/helpers/application_helper.rb": [
        1,
        null
      ],
      "/home/saasbook/Documents/mass-spectrometry/app/helpers/general_helper.rb": [
        1,
        null
      ],
      "/home/saasbook/Documents/mass-spectrometry/app/helpers/mass_data_helper.rb": [
        1,
        null
      ],
      "/home/saasbook/Documents/mass-spectrometry/app/helpers/mass_params_helper.rb": [
        1,
        null
      ],
      "/home/saasbook/Documents/mass-spectrometry/app/helpers/results_helper.rb": [
        1,
        null
      ],
      "/home/saasbook/Documents/mass-spectrometry/app/helpers/user_uploads_helper.rb": [
        1,
        null
      ],
      "/home/saasbook/Documents/mass-spectrometry/app/controllers/general_controller.rb": [
        1,
        null,
        1,
        null,
        null,
        1,
        null,
        null,
        1,
        null,
        null,
        1,
        null,
        null,
        1,
        null,
        null,
        null
      ],
      "/home/saasbook/Documents/mass-spectrometry/app/controllers/mass_data_controller.rb": [
        1,
        1,
        1,
        3,
        1,
        1,
        null,
        2,
        2,
        2,
        1,
        1,
        null,
        1,
        null,
        2,
        null,
        null,
        null,
        1,
        0,
        0,
        0,
        0,
        null,
        null,
        0,
        null,
        0,
        0,
        null,
        null,
        null
      ],
      "/home/saasbook/Documents/mass-spectrometry/app/models/mass_datum.rb": [
        1,
        1,
        1,
        null,
        1,
        null,
        1,
        0,
        0,
        null,
        null
      ],
      "/home/saasbook/Documents/mass-spectrometry/app/controllers/mass_params_controller.rb": [
        1,
        1,
        1,
        3,
        1,
        1,
        null,
        2,
        2,
        2,
        1,
        1,
        1,
        null,
        1,
        null,
        2,
        null,
        null,
        null,
        1,
        0,
        0,
        0,
        0,
        null,
        0,
        null,
        0,
        0,
        null,
        null,
        null
      ],
      "/home/saasbook/Documents/mass-spectrometry/app/models/mass_param.rb": [
        1,
        1,
        1,
        null,
        1,
        null,
        1,
        0,
        0,
        null,
        null,
        null
      ],
      "/home/saasbook/Documents/mass-spectrometry/app/controllers/results_controller.rb": [
        1,
        1,
        1,
        null,
        4,
        null,
        1,
        null,
        3,
        null,
        2,
        null,
        1,
        null,
        null,
        null,
        null,
        1,
        null,
        0,
        0,
        0,
        0,
        0,
        0,
        0,
        0,
        0,
        0,
        0,
        0,
        0,
        null,
        0,
        null,
        null,
        null
      ],
      "/home/saasbook/Documents/mass-spectrometry/app/models/result.rb": [
        1,
        1,
        1,
        1,
        null,
        1,
        null,
        1,
        1,
        null,
        null,
        1,
        1,
        1,
        null,
        null,
        1,
        0,
        null,
        null,
        1,
        0,
        null,
        null
      ],
      "/home/saasbook/Documents/mass-spectrometry/app/controllers/user_uploads_controller.rb": [
        1,
        1,
        1,
        2,
        null,
        null,
        null
      ]
    },
    "timestamp": 1428696076
  }
}
